2021-10-08 20:56:30,844 INFO _internal.py:113  * Running on http://0.0.0.0:5000/ (Press CTRL+C to quit)
2021-10-08 20:56:30,844 INFO _internal.py:113  * Running on http://0.0.0.0:5000/ (Press CTRL+C to quit)
2021-10-08 20:56:30,854 INFO _internal.py:113 127.0.0.1 - - [08/Oct/2021 20:56:30] "[37mOPTIONS /login HTTP/1.1[0m" 200 -
2021-10-08 20:56:30,854 INFO _internal.py:113 127.0.0.1 - - [08/Oct/2021 20:56:30] "[37mOPTIONS /login HTTP/1.1[0m" 200 -
2021-10-08 20:56:30,857 DEBUG main.py:44 Host: 127.0.0.1:5000
Connection: keep-alive
Content-Length: 86
Sec-Ch-Ua: "Chromium";v="94", "Google Chrome";v="94", ";Not A Brand";v="99"
Sec-Ch-Ua-Mobile: ?0
Authorization: Bearer null
Content-Type: application/json;charset=UTF-8
Accept: application/json, text/plain, */*
User-Agent: Mozilla/5.0 (Windows NT 10.0; Win64; x64) AppleWebKit/537.36 (KHTML, like Gecko) Chrome/94.0.4606.81 Safari/537.36
Contenttype: application/x-www-form-urlencoded
Usermane: null
Sec-Ch-Ua-Platform: "Windows"
Origin: http://localhost:8080
Sec-Fetch-Site: cross-site
Sec-Fetch-Mode: cors
Sec-Fetch-Dest: empty
Referer: http://localhost:8080/
Accept-Encoding: gzip, deflate, br
Accept-Language: zh-TW,zh;q=0.9,en-US;q=0.8,en;q=0.7


2021-10-08 20:56:30,857 DEBUG main.py:44 Host: 127.0.0.1:5000
Connection: keep-alive
Content-Length: 86
Sec-Ch-Ua: "Chromium";v="94", "Google Chrome";v="94", ";Not A Brand";v="99"
Sec-Ch-Ua-Mobile: ?0
Authorization: Bearer null
Content-Type: application/json;charset=UTF-8
Accept: application/json, text/plain, */*
User-Agent: Mozilla/5.0 (Windows NT 10.0; Win64; x64) AppleWebKit/537.36 (KHTML, like Gecko) Chrome/94.0.4606.81 Safari/537.36
Contenttype: application/x-www-form-urlencoded
Usermane: null
Sec-Ch-Ua-Platform: "Windows"
Origin: http://localhost:8080
Sec-Fetch-Site: cross-site
Sec-Fetch-Mode: cors
Sec-Fetch-Dest: empty
Referer: http://localhost:8080/
Accept-Encoding: gzip, deflate, br
Accept-Language: zh-TW,zh;q=0.9,en-US;q=0.8,en;q=0.7


2021-10-08 20:56:30,858 DEBUG main.py:45 BODY: b'{"username":"richard","password":"6ae199a93c381bf6d5de27491139d3f9","version":"1.0.4"}'
2021-10-08 20:56:30,858 DEBUG main.py:45 BODY: b'{"username":"richard","password":"6ae199a93c381bf6d5de27491139d3f9","version":"1.0.4"}'
2021-10-08 20:56:30,875 DEBUG main.py:74 {'meta': {'status': 'SUCCESS', 'msg': 'LOGIN SUCCESS'}, 'data': {'username': 'richard', 'password': '6ae199a93c381bf6d5de27491139d3f9', 'token': 'eyJ0eXAiOiJKV1QiLCJhbGciOiJIUzI1NiJ9.eyJpYXQiOjE2MzM2OTc3OTAsIm5iZiI6MTYzMzY5Nzc5MCwianRpIjoiNTA2OGQxZjAtZmIwZS00YWFlLThkNTItM2Y2NmQ0ZDJhMjIxIiwiZXhwIjoxNjMzNzQwOTkwLCJpZGVudGl0eSI6InJpY2hhcmQiLCJmcmVzaCI6ZmFsc2UsInR5cGUiOiJhY2Nlc3MifQ.4jYNACzvMkpZ18LYbADitpgyV_1H9C7cTSfwDGLXy6I'}}
2021-10-08 20:56:30,875 DEBUG main.py:74 {'meta': {'status': 'SUCCESS', 'msg': 'LOGIN SUCCESS'}, 'data': {'username': 'richard', 'password': '6ae199a93c381bf6d5de27491139d3f9', 'token': 'eyJ0eXAiOiJKV1QiLCJhbGciOiJIUzI1NiJ9.eyJpYXQiOjE2MzM2OTc3OTAsIm5iZiI6MTYzMzY5Nzc5MCwianRpIjoiNTA2OGQxZjAtZmIwZS00YWFlLThkNTItM2Y2NmQ0ZDJhMjIxIiwiZXhwIjoxNjMzNzQwOTkwLCJpZGVudGl0eSI6InJpY2hhcmQiLCJmcmVzaCI6ZmFsc2UsInR5cGUiOiJhY2Nlc3MifQ.4jYNACzvMkpZ18LYbADitpgyV_1H9C7cTSfwDGLXy6I'}}
2021-10-08 20:56:30,876 INFO _internal.py:113 127.0.0.1 - - [08/Oct/2021 20:56:30] "[37mPOST /login HTTP/1.1[0m" 200 -
2021-10-08 20:56:30,876 INFO _internal.py:113 127.0.0.1 - - [08/Oct/2021 20:56:30] "[37mPOST /login HTTP/1.1[0m" 200 -
2021-10-08 20:56:30,889 INFO _internal.py:113 127.0.0.1 - - [08/Oct/2021 20:56:30] "[37mOPTIONS /menus?username=richard HTTP/1.1[0m" 200 -
2021-10-08 20:56:30,889 INFO _internal.py:113 127.0.0.1 - - [08/Oct/2021 20:56:30] "[37mOPTIONS /menus?username=richard HTTP/1.1[0m" 200 -
2021-10-08 20:56:30,901 DEBUG main.py:106 Host: 127.0.0.1:5000
Connection: keep-alive
Sec-Ch-Ua: "Chromium";v="94", "Google Chrome";v="94", ";Not A Brand";v="99"
Sec-Ch-Ua-Mobile: ?0
Authorization: Bearer eyJ0eXAiOiJKV1QiLCJhbGciOiJIUzI1NiJ9.eyJpYXQiOjE2MzM2OTc3OTAsIm5iZiI6MTYzMzY5Nzc5MCwianRpIjoiNTA2OGQxZjAtZmIwZS00YWFlLThkNTItM2Y2NmQ0ZDJhMjIxIiwiZXhwIjoxNjMzNzQwOTkwLCJpZGVudGl0eSI6InJpY2hhcmQiLCJmcmVzaCI6ZmFsc2UsInR5cGUiOiJhY2Nlc3MifQ.4jYNACzvMkpZ18LYbADitpgyV_1H9C7cTSfwDGLXy6I
Accept: application/json, text/plain, */*
User-Agent: Mozilla/5.0 (Windows NT 10.0; Win64; x64) AppleWebKit/537.36 (KHTML, like Gecko) Chrome/94.0.4606.81 Safari/537.36
Contenttype: application/x-www-form-urlencoded
Usermane: richard
Sec-Ch-Ua-Platform: "Windows"
Origin: http://localhost:8080
Sec-Fetch-Site: cross-site
Sec-Fetch-Mode: cors
Sec-Fetch-Dest: empty
Referer: http://localhost:8080/
Accept-Encoding: gzip, deflate, br
Accept-Language: zh-TW,zh;q=0.9,en-US;q=0.8,en;q=0.7


2021-10-08 20:56:30,901 DEBUG main.py:106 Host: 127.0.0.1:5000
Connection: keep-alive
Sec-Ch-Ua: "Chromium";v="94", "Google Chrome";v="94", ";Not A Brand";v="99"
Sec-Ch-Ua-Mobile: ?0
Authorization: Bearer eyJ0eXAiOiJKV1QiLCJhbGciOiJIUzI1NiJ9.eyJpYXQiOjE2MzM2OTc3OTAsIm5iZiI6MTYzMzY5Nzc5MCwianRpIjoiNTA2OGQxZjAtZmIwZS00YWFlLThkNTItM2Y2NmQ0ZDJhMjIxIiwiZXhwIjoxNjMzNzQwOTkwLCJpZGVudGl0eSI6InJpY2hhcmQiLCJmcmVzaCI6ZmFsc2UsInR5cGUiOiJhY2Nlc3MifQ.4jYNACzvMkpZ18LYbADitpgyV_1H9C7cTSfwDGLXy6I
Accept: application/json, text/plain, */*
User-Agent: Mozilla/5.0 (Windows NT 10.0; Win64; x64) AppleWebKit/537.36 (KHTML, like Gecko) Chrome/94.0.4606.81 Safari/537.36
Contenttype: application/x-www-form-urlencoded
Usermane: richard
Sec-Ch-Ua-Platform: "Windows"
Origin: http://localhost:8080
Sec-Fetch-Site: cross-site
Sec-Fetch-Mode: cors
Sec-Fetch-Dest: empty
Referer: http://localhost:8080/
Accept-Encoding: gzip, deflate, br
Accept-Language: zh-TW,zh;q=0.9,en-US;q=0.8,en;q=0.7


2021-10-08 20:56:30,902 DEBUG main.py:107 BODY: b''
2021-10-08 20:56:30,902 DEBUG main.py:107 BODY: b''
2021-10-08 20:56:30,904 DEBUG main.py:112 {'meta': {'status': 200, 'msg': 'SUCCESS'}, 'data': [{'id': 101, 'authName': '¤@²M Gateway', 'path': None, 'level': 1, 'parent_id': None, 'icon': None, 'children': [{'id': 1011, 'authName': 'Transaction', 'path': '1C_Gateway_Transaction', 'level': 2, 'parent_id': 101, 'icon': None, 'children': []}, {'id': 1012, 'authName': 'Report', 'path': None, 'level': 2, 'parent_id': 101, 'icon': None, 'children': []}, {'id': 1013, 'authName': 'Batch Process', 'path': '1C_Gateway_BatchProcess', 'level': 2, 'parent_id': 101, 'icon': None, 'children': []}]}, {'id': 102, 'authName': '¤G²M Gateway', 'path': None, 'level': 1, 'parent_id': None, 'icon': None, 'children': [{'id': 1021, 'authName': 'Transaction', 'path': '2C_Gateway_Transaction', 'level': 2, 'parent_id': 102, 'icon': None, 'children': []}, {'id': 1022, 'authName': 'Report', 'path': None, 'level': 2, 'parent_id': 102, 'icon': None, 'children': []}, {'id': 1023, 'authName': 'Batch Process', 'path': '2C_Gateway_BatchProcess', 'level': 2, 'parent_id': 102, 'icon': None, 'children': []}]}, {'id': 103, 'authName': '»ÈÁpQR Gateway', 'path': None, 'level': 1, 'parent_id': None, 'icon': None, 'children': [{'id': 1031, 'authName': 'Transaction', 'path': 'UnionPayQR_Gateway_Transaction', 'level': 2, 'parent_id': 103, 'icon': None, 'children': []}, {'id': 1032, 'authName': 'Report', 'path': None, 'level': 2, 'parent_id': 103, 'icon': None, 'children': []}, {'id': 1033, 'authName': 'Batch Process', 'path': 'UnionPayQR_Gateway_BatchProcess', 'level': 2, 'parent_id': 103, 'icon': None, 'children': []}, {'id': 1034, 'authName': 'Batch_CardNo', 'path': 'UnionPayQR_Gateway_BatchProcess_CardNo', 'level': 2, 'parent_id': 103, 'icon': None, 'children': []}]}, {'id': 104, 'authName': 'BoC Gateway', 'path': None, 'level': 1, 'parent_id': None, 'icon': None, 'children': [{'id': 1041, 'authName': 'Transaction', 'path': 'BoC_Gateway_Transaction', 'level': 2, 'parent_id': 104, 'icon': None, 'children': []}, {'id': 1042, 'authName': 'Report', 'path': None, 'level': 2, 'parent_id': 104, 'icon': None, 'children': []}, {'id': 1043, 'authName': 'Batch Process', 'path': 'BoC_Gateway_BatchProcess', 'level': 2, 'parent_id': 104, 'icon': None, 'children': []}]}, {'id': 105, 'authName': 'PayMe Gateway', 'path': None, 'level': 1, 'parent_id': None, 'icon': None, 'children': [{'id': 1051, 'authName': 'Transaction', 'path': 'PayMe_Gateway_Transaction', 'level': 2, 'parent_id': 105, 'icon': None, 'children': []}, {'id': 1052, 'authName': 'Report', 'path': None, 'level': 2, 'parent_id': 105, 'icon': None, 'children': []}, {'id': 1053, 'authName': 'Batch Process', 'path': 'PayMe_Gateway_BatchProcess', 'level': 2, 'parent_id': 105, 'icon': None, 'children': []}]}, {'id': 106, 'authName': 'Uniqlo Gateway', 'path': None, 'level': 1, 'parent_id': None, 'icon': None, 'children': [{'id': 1061, 'authName': 'Transaction', 'path': 'Uniqlo_Gateway_Transaction', 'level': 2, 'parent_id': 106, 'icon': None, 'children': []}, {'id': 1062, 'authName': 'Report', 'path': None, 'level': 2, 'parent_id': 106, 'icon': None, 'children': []}, {'id': 1063, 'authName': 'Batch Process', 'path': 'Uniqlo_Gateway_BatchProcess', 'level': 2, 'parent_id': 106, 'icon': None, 'children': []}]}, {'id': 107, 'authName': 'VMP Gateway', 'path': None, 'level': 1, 'parent_id': None, 'icon': None, 'children': [{'id': 1071, 'authName': 'Transaction', 'path': 'VMP_Gateway_Transaction', 'level': 2, 'parent_id': 107, 'icon': None, 'children': []}, {'id': 1072, 'authName': 'Report', 'path': None, 'level': 2, 'parent_id': 107, 'icon': None, 'children': []}]}, {'id': 108, 'authName': 'EOPG Gateway', 'path': None, 'level': 1, 'parent_id': None, 'icon': None, 'children': [{'id': 1081, 'authName': 'Transaction', 'path': None, 'level': 2, 'parent_id': 108, 'icon': None, 'children': []}, {'id': 1082, 'authName': 'Report', 'path': None, 'level': 2, 'parent_id': 108, 'icon': None, 'children': []}]}, {'id': 109, 'authName': 'A8 Terminal Tools', 'path': None, 'level': 1, 'parent_id': None, 'icon': None, 'children': [{'id': 1091, 'authName': 'Password', 'path': 'A8_Password', 'level': 2, 'parent_id': 109, 'icon': None, 'children': []}, {'id': 1092, 'authName': 'Report', 'path': None, 'level': 2, 'parent_id': 109, 'icon': None, 'children': []}]}, {'id': 110, 'authName': 'Octopus', 'path': None, 'level': 1, 'parent_id': None, 'icon': None, 'children': [{'id': 1101, 'authName': 'Report', 'path': 'Octopus_Report', 'level': 2, 'parent_id': 110, 'icon': None, 'children': []}]}, {'id': 111, 'authName': 'Admin', 'path': '', 'level': 1, 'parent_id': None, 'icon': None, 'children': [{'id': 1201, 'authName': 'User', 'path': 'User', 'level': 2, 'parent_id': 111, 'icon': None, 'children': []}]}]}
2021-10-08 20:56:30,904 DEBUG main.py:112 {'meta': {'status': 200, 'msg': 'SUCCESS'}, 'data': [{'id': 101, 'authName': '¤@²M Gateway', 'path': None, 'level': 1, 'parent_id': None, 'icon': None, 'children': [{'id': 1011, 'authName': 'Transaction', 'path': '1C_Gateway_Transaction', 'level': 2, 'parent_id': 101, 'icon': None, 'children': []}, {'id': 1012, 'authName': 'Report', 'path': None, 'level': 2, 'parent_id': 101, 'icon': None, 'children': []}, {'id': 1013, 'authName': 'Batch Process', 'path': '1C_Gateway_BatchProcess', 'level': 2, 'parent_id': 101, 'icon': None, 'children': []}]}, {'id': 102, 'authName': '¤G²M Gateway', 'path': None, 'level': 1, 'parent_id': None, 'icon': None, 'children': [{'id': 1021, 'authName': 'Transaction', 'path': '2C_Gateway_Transaction', 'level': 2, 'parent_id': 102, 'icon': None, 'children': []}, {'id': 1022, 'authName': 'Report', 'path': None, 'level': 2, 'parent_id': 102, 'icon': None, 'children': []}, {'id': 1023, 'authName': 'Batch Process', 'path': '2C_Gateway_BatchProcess', 'level': 2, 'parent_id': 102, 'icon': None, 'children': []}]}, {'id': 103, 'authName': '»ÈÁpQR Gateway', 'path': None, 'level': 1, 'parent_id': None, 'icon': None, 'children': [{'id': 1031, 'authName': 'Transaction', 'path': 'UnionPayQR_Gateway_Transaction', 'level': 2, 'parent_id': 103, 'icon': None, 'children': []}, {'id': 1032, 'authName': 'Report', 'path': None, 'level': 2, 'parent_id': 103, 'icon': None, 'children': []}, {'id': 1033, 'authName': 'Batch Process', 'path': 'UnionPayQR_Gateway_BatchProcess', 'level': 2, 'parent_id': 103, 'icon': None, 'children': []}, {'id': 1034, 'authName': 'Batch_CardNo', 'path': 'UnionPayQR_Gateway_BatchProcess_CardNo', 'level': 2, 'parent_id': 103, 'icon': None, 'children': []}]}, {'id': 104, 'authName': 'BoC Gateway', 'path': None, 'level': 1, 'parent_id': None, 'icon': None, 'children': [{'id': 1041, 'authName': 'Transaction', 'path': 'BoC_Gateway_Transaction', 'level': 2, 'parent_id': 104, 'icon': None, 'children': []}, {'id': 1042, 'authName': 'Report', 'path': None, 'level': 2, 'parent_id': 104, 'icon': None, 'children': []}, {'id': 1043, 'authName': 'Batch Process', 'path': 'BoC_Gateway_BatchProcess', 'level': 2, 'parent_id': 104, 'icon': None, 'children': []}]}, {'id': 105, 'authName': 'PayMe Gateway', 'path': None, 'level': 1, 'parent_id': None, 'icon': None, 'children': [{'id': 1051, 'authName': 'Transaction', 'path': 'PayMe_Gateway_Transaction', 'level': 2, 'parent_id': 105, 'icon': None, 'children': []}, {'id': 1052, 'authName': 'Report', 'path': None, 'level': 2, 'parent_id': 105, 'icon': None, 'children': []}, {'id': 1053, 'authName': 'Batch Process', 'path': 'PayMe_Gateway_BatchProcess', 'level': 2, 'parent_id': 105, 'icon': None, 'children': []}]}, {'id': 106, 'authName': 'Uniqlo Gateway', 'path': None, 'level': 1, 'parent_id': None, 'icon': None, 'children': [{'id': 1061, 'authName': 'Transaction', 'path': 'Uniqlo_Gateway_Transaction', 'level': 2, 'parent_id': 106, 'icon': None, 'children': []}, {'id': 1062, 'authName': 'Report', 'path': None, 'level': 2, 'parent_id': 106, 'icon': None, 'children': []}, {'id': 1063, 'authName': 'Batch Process', 'path': 'Uniqlo_Gateway_BatchProcess', 'level': 2, 'parent_id': 106, 'icon': None, 'children': []}]}, {'id': 107, 'authName': 'VMP Gateway', 'path': None, 'level': 1, 'parent_id': None, 'icon': None, 'children': [{'id': 1071, 'authName': 'Transaction', 'path': 'VMP_Gateway_Transaction', 'level': 2, 'parent_id': 107, 'icon': None, 'children': []}, {'id': 1072, 'authName': 'Report', 'path': None, 'level': 2, 'parent_id': 107, 'icon': None, 'children': []}]}, {'id': 108, 'authName': 'EOPG Gateway', 'path': None, 'level': 1, 'parent_id': None, 'icon': None, 'children': [{'id': 1081, 'authName': 'Transaction', 'path': None, 'level': 2, 'parent_id': 108, 'icon': None, 'children': []}, {'id': 1082, 'authName': 'Report', 'path': None, 'level': 2, 'parent_id': 108, 'icon': None, 'children': []}]}, {'id': 109, 'authName': 'A8 Terminal Tools', 'path': None, 'level': 1, 'parent_id': None, 'icon': None, 'children': [{'id': 1091, 'authName': 'Password', 'path': 'A8_Password', 'level': 2, 'parent_id': 109, 'icon': None, 'children': []}, {'id': 1092, 'authName': 'Report', 'path': None, 'level': 2, 'parent_id': 109, 'icon': None, 'children': []}]}, {'id': 110, 'authName': 'Octopus', 'path': None, 'level': 1, 'parent_id': None, 'icon': None, 'children': [{'id': 1101, 'authName': 'Report', 'path': 'Octopus_Report', 'level': 2, 'parent_id': 110, 'icon': None, 'children': []}]}, {'id': 111, 'authName': 'Admin', 'path': '', 'level': 1, 'parent_id': None, 'icon': None, 'children': [{'id': 1201, 'authName': 'User', 'path': 'User', 'level': 2, 'parent_id': 111, 'icon': None, 'children': []}]}]}
2021-10-08 20:56:30,907 INFO _internal.py:113 127.0.0.1 - - [08/Oct/2021 20:56:30] "[37mGET /menus?username=richard HTTP/1.1[0m" 200 -
2021-10-08 20:56:30,907 INFO _internal.py:113 127.0.0.1 - - [08/Oct/2021 20:56:30] "[37mGET /menus?username=richard HTTP/1.1[0m" 200 -
2021-10-08 20:56:32,602 INFO _internal.py:113 127.0.0.1 - - [08/Oct/2021 20:56:32] "[37mOPTIONS /userlist?query=&pagenum=1&pagesize=10 HTTP/1.1[0m" 200 -
2021-10-08 20:56:32,602 INFO _internal.py:113 127.0.0.1 - - [08/Oct/2021 20:56:32] "[37mOPTIONS /userlist?query=&pagenum=1&pagesize=10 HTTP/1.1[0m" 200 -
2021-10-08 20:56:32,605 DEBUG main.py:118 Host: 127.0.0.1:5000
Connection: keep-alive
Sec-Ch-Ua: "Chromium";v="94", "Google Chrome";v="94", ";Not A Brand";v="99"
Sec-Ch-Ua-Mobile: ?0
Authorization: Bearer eyJ0eXAiOiJKV1QiLCJhbGciOiJIUzI1NiJ9.eyJpYXQiOjE2MzM2OTc3OTAsIm5iZiI6MTYzMzY5Nzc5MCwianRpIjoiNTA2OGQxZjAtZmIwZS00YWFlLThkNTItM2Y2NmQ0ZDJhMjIxIiwiZXhwIjoxNjMzNzQwOTkwLCJpZGVudGl0eSI6InJpY2hhcmQiLCJmcmVzaCI6ZmFsc2UsInR5cGUiOiJhY2Nlc3MifQ.4jYNACzvMkpZ18LYbADitpgyV_1H9C7cTSfwDGLXy6I
Accept: application/json, text/plain, */*
User-Agent: Mozilla/5.0 (Windows NT 10.0; Win64; x64) AppleWebKit/537.36 (KHTML, like Gecko) Chrome/94.0.4606.81 Safari/537.36
Contenttype: application/x-www-form-urlencoded
Usermane: richard
Sec-Ch-Ua-Platform: "Windows"
Origin: http://localhost:8080
Sec-Fetch-Site: cross-site
Sec-Fetch-Mode: cors
Sec-Fetch-Dest: empty
Referer: http://localhost:8080/
Accept-Encoding: gzip, deflate, br
Accept-Language: zh-TW,zh;q=0.9,en-US;q=0.8,en;q=0.7


2021-10-08 20:56:32,605 DEBUG main.py:118 Host: 127.0.0.1:5000
Connection: keep-alive
Sec-Ch-Ua: "Chromium";v="94", "Google Chrome";v="94", ";Not A Brand";v="99"
Sec-Ch-Ua-Mobile: ?0
Authorization: Bearer eyJ0eXAiOiJKV1QiLCJhbGciOiJIUzI1NiJ9.eyJpYXQiOjE2MzM2OTc3OTAsIm5iZiI6MTYzMzY5Nzc5MCwianRpIjoiNTA2OGQxZjAtZmIwZS00YWFlLThkNTItM2Y2NmQ0ZDJhMjIxIiwiZXhwIjoxNjMzNzQwOTkwLCJpZGVudGl0eSI6InJpY2hhcmQiLCJmcmVzaCI6ZmFsc2UsInR5cGUiOiJhY2Nlc3MifQ.4jYNACzvMkpZ18LYbADitpgyV_1H9C7cTSfwDGLXy6I
Accept: application/json, text/plain, */*
User-Agent: Mozilla/5.0 (Windows NT 10.0; Win64; x64) AppleWebKit/537.36 (KHTML, like Gecko) Chrome/94.0.4606.81 Safari/537.36
Contenttype: application/x-www-form-urlencoded
Usermane: richard
Sec-Ch-Ua-Platform: "Windows"
Origin: http://localhost:8080
Sec-Fetch-Site: cross-site
Sec-Fetch-Mode: cors
Sec-Fetch-Dest: empty
Referer: http://localhost:8080/
Accept-Encoding: gzip, deflate, br
Accept-Language: zh-TW,zh;q=0.9,en-US;q=0.8,en;q=0.7


2021-10-08 20:56:32,606 DEBUG main.py:119 BODY: b''
2021-10-08 20:56:32,606 DEBUG main.py:119 BODY: b''
2021-10-08 20:56:32,607 DEBUG main.py:126 {'meta': {'status': 200, 'msg': 'SUCCESS'}, 'data': {'userlist': [{'username': 'admin', 'roles': 'admin', 'status': True, 'createdatetime': '2021-01-14 23:49:24.000', 'lastlogindatetime': '2021-08-31 22:45:13'}, {'username': 'richard', 'roles': 'super_admin', 'status': True, 'createdatetime': '2021-01-14 23:49:30.000', 'lastlogindatetime': '2021-10-08 20:56:30'}, {'username': 'jack', 'roles': 'operator', 'status': True, 'createdatetime': '2021-01-07 00:00:00.000', 'lastlogindatetime': '2021-04-08 18:56:42'}, {'username': 'jeff', 'roles': 'operator', 'status': True, 'createdatetime': None, 'lastlogindatetime': '2021-08-31 17:28:26'}, {'username': 'stephen', 'roles': 'operator', 'status': False, 'createdatetime': None, 'lastlogindatetime': '2021-07-08 19:25:31'}, {'username': 'jacky', 'roles': 'operator', 'status': False, 'createdatetime': None, 'lastlogindatetime': '2021-03-02 10:21:55'}, {'username': 'iraleung', 'roles': 'operator', 'status': True, 'createdatetime': None, 'lastlogindatetime': '2021-08-25 15:06:58'}, {'username': 'guang', 'roles': 'operator', 'status': True, 'createdatetime': None, 'lastlogindatetime': None}, {'username': 'joe', 'roles': 'operator', 'status': True, 'createdatetime': None, 'lastlogindatetime': '2021-08-31 19:04:32'}, {'username': 'yan', 'roles': 'operator', 'status': True, 'createdatetime': None, 'lastlogindatetime': '2021-06-14 20:54:28'}], 'total': 12}}
2021-10-08 20:56:32,607 DEBUG main.py:126 {'meta': {'status': 200, 'msg': 'SUCCESS'}, 'data': {'userlist': [{'username': 'admin', 'roles': 'admin', 'status': True, 'createdatetime': '2021-01-14 23:49:24.000', 'lastlogindatetime': '2021-08-31 22:45:13'}, {'username': 'richard', 'roles': 'super_admin', 'status': True, 'createdatetime': '2021-01-14 23:49:30.000', 'lastlogindatetime': '2021-10-08 20:56:30'}, {'username': 'jack', 'roles': 'operator', 'status': True, 'createdatetime': '2021-01-07 00:00:00.000', 'lastlogindatetime': '2021-04-08 18:56:42'}, {'username': 'jeff', 'roles': 'operator', 'status': True, 'createdatetime': None, 'lastlogindatetime': '2021-08-31 17:28:26'}, {'username': 'stephen', 'roles': 'operator', 'status': False, 'createdatetime': None, 'lastlogindatetime': '2021-07-08 19:25:31'}, {'username': 'jacky', 'roles': 'operator', 'status': False, 'createdatetime': None, 'lastlogindatetime': '2021-03-02 10:21:55'}, {'username': 'iraleung', 'roles': 'operator', 'status': True, 'createdatetime': None, 'lastlogindatetime': '2021-08-25 15:06:58'}, {'username': 'guang', 'roles': 'operator', 'status': True, 'createdatetime': None, 'lastlogindatetime': None}, {'username': 'joe', 'roles': 'operator', 'status': True, 'createdatetime': None, 'lastlogindatetime': '2021-08-31 19:04:32'}, {'username': 'yan', 'roles': 'operator', 'status': True, 'createdatetime': None, 'lastlogindatetime': '2021-06-14 20:54:28'}], 'total': 12}}
2021-10-08 20:56:32,608 INFO _internal.py:113 127.0.0.1 - - [08/Oct/2021 20:56:32] "[37mGET /userlist?query=&pagenum=1&pagesize=10 HTTP/1.1[0m" 200 -
2021-10-08 20:56:32,608 INFO _internal.py:113 127.0.0.1 - - [08/Oct/2021 20:56:32] "[37mGET /userlist?query=&pagenum=1&pagesize=10 HTTP/1.1[0m" 200 -
2021-10-08 20:56:34,970 INFO _internal.py:113 127.0.0.1 - - [08/Oct/2021 20:56:34] "[37mOPTIONS /userlist?query=&pagenum=2&pagesize=10 HTTP/1.1[0m" 200 -
2021-10-08 20:56:34,970 INFO _internal.py:113 127.0.0.1 - - [08/Oct/2021 20:56:34] "[37mOPTIONS /userlist?query=&pagenum=2&pagesize=10 HTTP/1.1[0m" 200 -
2021-10-08 20:56:34,973 DEBUG main.py:118 Host: 127.0.0.1:5000
Connection: keep-alive
Sec-Ch-Ua: "Chromium";v="94", "Google Chrome";v="94", ";Not A Brand";v="99"
Sec-Ch-Ua-Mobile: ?0
Authorization: Bearer eyJ0eXAiOiJKV1QiLCJhbGciOiJIUzI1NiJ9.eyJpYXQiOjE2MzM2OTc3OTAsIm5iZiI6MTYzMzY5Nzc5MCwianRpIjoiNTA2OGQxZjAtZmIwZS00YWFlLThkNTItM2Y2NmQ0ZDJhMjIxIiwiZXhwIjoxNjMzNzQwOTkwLCJpZGVudGl0eSI6InJpY2hhcmQiLCJmcmVzaCI6ZmFsc2UsInR5cGUiOiJhY2Nlc3MifQ.4jYNACzvMkpZ18LYbADitpgyV_1H9C7cTSfwDGLXy6I
Accept: application/json, text/plain, */*
User-Agent: Mozilla/5.0 (Windows NT 10.0; Win64; x64) AppleWebKit/537.36 (KHTML, like Gecko) Chrome/94.0.4606.81 Safari/537.36
Contenttype: application/x-www-form-urlencoded
Usermane: richard
Sec-Ch-Ua-Platform: "Windows"
Origin: http://localhost:8080
Sec-Fetch-Site: cross-site
Sec-Fetch-Mode: cors
Sec-Fetch-Dest: empty
Referer: http://localhost:8080/
Accept-Encoding: gzip, deflate, br
Accept-Language: zh-TW,zh;q=0.9,en-US;q=0.8,en;q=0.7


2021-10-08 20:56:34,973 DEBUG main.py:118 Host: 127.0.0.1:5000
Connection: keep-alive
Sec-Ch-Ua: "Chromium";v="94", "Google Chrome";v="94", ";Not A Brand";v="99"
Sec-Ch-Ua-Mobile: ?0
Authorization: Bearer eyJ0eXAiOiJKV1QiLCJhbGciOiJIUzI1NiJ9.eyJpYXQiOjE2MzM2OTc3OTAsIm5iZiI6MTYzMzY5Nzc5MCwianRpIjoiNTA2OGQxZjAtZmIwZS00YWFlLThkNTItM2Y2NmQ0ZDJhMjIxIiwiZXhwIjoxNjMzNzQwOTkwLCJpZGVudGl0eSI6InJpY2hhcmQiLCJmcmVzaCI6ZmFsc2UsInR5cGUiOiJhY2Nlc3MifQ.4jYNACzvMkpZ18LYbADitpgyV_1H9C7cTSfwDGLXy6I
Accept: application/json, text/plain, */*
User-Agent: Mozilla/5.0 (Windows NT 10.0; Win64; x64) AppleWebKit/537.36 (KHTML, like Gecko) Chrome/94.0.4606.81 Safari/537.36
Contenttype: application/x-www-form-urlencoded
Usermane: richard
Sec-Ch-Ua-Platform: "Windows"
Origin: http://localhost:8080
Sec-Fetch-Site: cross-site
Sec-Fetch-Mode: cors
Sec-Fetch-Dest: empty
Referer: http://localhost:8080/
Accept-Encoding: gzip, deflate, br
Accept-Language: zh-TW,zh;q=0.9,en-US;q=0.8,en;q=0.7


2021-10-08 20:56:34,974 DEBUG main.py:119 BODY: b''
2021-10-08 20:56:34,974 DEBUG main.py:119 BODY: b''
2021-10-08 20:56:34,975 DEBUG main.py:126 {'meta': {'status': 200, 'msg': 'SUCCESS'}, 'data': {'userlist': [{'username': 'simon', 'roles': 'operator', 'status': True, 'createdatetime': None, 'lastlogindatetime': '2021-08-31 22:37:40'}, {'username': 'tong', 'roles': 'operator', 'status': True, 'createdatetime': '2021-09-01 09:00:00.000', 'lastlogindatetime': None}], 'total': 12}}
2021-10-08 20:56:34,975 DEBUG main.py:126 {'meta': {'status': 200, 'msg': 'SUCCESS'}, 'data': {'userlist': [{'username': 'simon', 'roles': 'operator', 'status': True, 'createdatetime': None, 'lastlogindatetime': '2021-08-31 22:37:40'}, {'username': 'tong', 'roles': 'operator', 'status': True, 'createdatetime': '2021-09-01 09:00:00.000', 'lastlogindatetime': None}], 'total': 12}}
2021-10-08 20:56:34,976 INFO _internal.py:113 127.0.0.1 - - [08/Oct/2021 20:56:34] "[37mGET /userlist?query=&pagenum=2&pagesize=10 HTTP/1.1[0m" 200 -
2021-10-08 20:56:34,976 INFO _internal.py:113 127.0.0.1 - - [08/Oct/2021 20:56:34] "[37mGET /userlist?query=&pagenum=2&pagesize=10 HTTP/1.1[0m" 200 -
2021-10-08 20:56:39,539 INFO _internal.py:113 127.0.0.1 - - [08/Oct/2021 20:56:39] "[37mOPTIONS /A8_Password HTTP/1.1[0m" 200 -
2021-10-08 20:56:39,539 INFO _internal.py:113 127.0.0.1 - - [08/Oct/2021 20:56:39] "[37mOPTIONS /A8_Password HTTP/1.1[0m" 200 -
2021-10-08 20:56:39,543 DEBUG main.py:529 Host: 127.0.0.1:5000
Connection: keep-alive
Sec-Ch-Ua: "Chromium";v="94", "Google Chrome";v="94", ";Not A Brand";v="99"
Sec-Ch-Ua-Mobile: ?0
Authorization: Bearer eyJ0eXAiOiJKV1QiLCJhbGciOiJIUzI1NiJ9.eyJpYXQiOjE2MzM2OTc3OTAsIm5iZiI6MTYzMzY5Nzc5MCwianRpIjoiNTA2OGQxZjAtZmIwZS00YWFlLThkNTItM2Y2NmQ0ZDJhMjIxIiwiZXhwIjoxNjMzNzQwOTkwLCJpZGVudGl0eSI6InJpY2hhcmQiLCJmcmVzaCI6ZmFsc2UsInR5cGUiOiJhY2Nlc3MifQ.4jYNACzvMkpZ18LYbADitpgyV_1H9C7cTSfwDGLXy6I
Accept: application/json, text/plain, */*
User-Agent: Mozilla/5.0 (Windows NT 10.0; Win64; x64) AppleWebKit/537.36 (KHTML, like Gecko) Chrome/94.0.4606.81 Safari/537.36
Contenttype: application/x-www-form-urlencoded
Usermane: richard
Sec-Ch-Ua-Platform: "Windows"
Origin: http://localhost:8080
Sec-Fetch-Site: cross-site
Sec-Fetch-Mode: cors
Sec-Fetch-Dest: empty
Referer: http://localhost:8080/
Accept-Encoding: gzip, deflate, br
Accept-Language: zh-TW,zh;q=0.9,en-US;q=0.8,en;q=0.7


2021-10-08 20:56:39,543 DEBUG main.py:529 Host: 127.0.0.1:5000
Connection: keep-alive
Sec-Ch-Ua: "Chromium";v="94", "Google Chrome";v="94", ";Not A Brand";v="99"
Sec-Ch-Ua-Mobile: ?0
Authorization: Bearer eyJ0eXAiOiJKV1QiLCJhbGciOiJIUzI1NiJ9.eyJpYXQiOjE2MzM2OTc3OTAsIm5iZiI6MTYzMzY5Nzc5MCwianRpIjoiNTA2OGQxZjAtZmIwZS00YWFlLThkNTItM2Y2NmQ0ZDJhMjIxIiwiZXhwIjoxNjMzNzQwOTkwLCJpZGVudGl0eSI6InJpY2hhcmQiLCJmcmVzaCI6ZmFsc2UsInR5cGUiOiJhY2Nlc3MifQ.4jYNACzvMkpZ18LYbADitpgyV_1H9C7cTSfwDGLXy6I
Accept: application/json, text/plain, */*
User-Agent: Mozilla/5.0 (Windows NT 10.0; Win64; x64) AppleWebKit/537.36 (KHTML, like Gecko) Chrome/94.0.4606.81 Safari/537.36
Contenttype: application/x-www-form-urlencoded
Usermane: richard
Sec-Ch-Ua-Platform: "Windows"
Origin: http://localhost:8080
Sec-Fetch-Site: cross-site
Sec-Fetch-Mode: cors
Sec-Fetch-Dest: empty
Referer: http://localhost:8080/
Accept-Encoding: gzip, deflate, br
Accept-Language: zh-TW,zh;q=0.9,en-US;q=0.8,en;q=0.7


2021-10-08 20:56:39,552 DEBUG connectionpool.py:231 Starting new HTTP connection (1): 10.17.2.238:80
2021-10-08 20:56:39,552 DEBUG connectionpool.py:231 Starting new HTTP connection (1): 10.17.2.238:80
2021-10-08 20:57:00,599 ERROR app.py:1892 Exception on /A8_Password [GET]
Traceback (most recent call last):
  File "C:\Users\richard\Desktop\RSM_Package\RSM_Package\pythonProject\venv\lib\site-packages\urllib3\connection.py", line 170, in _new_conn
    (self._dns_host, self.port), self.timeout, **extra_kw
  File "C:\Users\richard\Desktop\RSM_Package\RSM_Package\pythonProject\venv\lib\site-packages\urllib3\util\connection.py", line 96, in create_connection
    raise err
  File "C:\Users\richard\Desktop\RSM_Package\RSM_Package\pythonProject\venv\lib\site-packages\urllib3\util\connection.py", line 86, in create_connection
    sock.connect(sa)
TimeoutError: [WinError 10060] ³s½u¹Á¸Õ¥¢±Ñ¡A¦]¬°³s½u¹ï¶H¦³¤@¬q®É¶¡¨Ã¥¼¥¿½T¦^À³¡A©Î¬O³s½u«Ø¥ß¥¢±Ñ¡A¦]¬°³s½uªº¥D¾÷µLªk¦^À³¡C

During handling of the above exception, another exception occurred:

Traceback (most recent call last):
  File "C:\Users\richard\Desktop\RSM_Package\RSM_Package\pythonProject\venv\lib\site-packages\urllib3\connectionpool.py", line 706, in urlopen
    chunked=chunked,
  File "C:\Users\richard\Desktop\RSM_Package\RSM_Package\pythonProject\venv\lib\site-packages\urllib3\connectionpool.py", line 394, in _make_request
    conn.request(method, url, **httplib_request_kw)
  File "C:\Users\richard\Desktop\RSM_Package\RSM_Package\pythonProject\venv\lib\site-packages\urllib3\connection.py", line 234, in request
    super(HTTPConnection, self).request(method, url, body=body, headers=headers)
  File "C:\Users\richard\AppData\Local\Programs\Python\Python37\lib\http\client.py", line 1229, in request
    self._send_request(method, url, body, headers, encode_chunked)
  File "C:\Users\richard\AppData\Local\Programs\Python\Python37\lib\http\client.py", line 1275, in _send_request
    self.endheaders(body, encode_chunked=encode_chunked)
  File "C:\Users\richard\AppData\Local\Programs\Python\Python37\lib\http\client.py", line 1224, in endheaders
    self._send_output(message_body, encode_chunked=encode_chunked)
  File "C:\Users\richard\AppData\Local\Programs\Python\Python37\lib\http\client.py", line 1016, in _send_output
    self.send(msg)
  File "C:\Users\richard\AppData\Local\Programs\Python\Python37\lib\http\client.py", line 956, in send
    self.connect()
  File "C:\Users\richard\Desktop\RSM_Package\RSM_Package\pythonProject\venv\lib\site-packages\urllib3\connection.py", line 200, in connect
    conn = self._new_conn()
  File "C:\Users\richard\Desktop\RSM_Package\RSM_Package\pythonProject\venv\lib\site-packages\urllib3\connection.py", line 182, in _new_conn
    self, "Failed to establish a new connection: %s" % e
urllib3.exceptions.NewConnectionError: <urllib3.connection.HTTPConnection object at 0x00000229FD637630>: Failed to establish a new connection: [WinError 10060] ³s½u¹Á¸Õ¥¢±Ñ¡A¦]¬°³s½u¹ï¶H¦³¤@¬q®É¶¡¨Ã¥¼¥¿½T¦^À³¡A©Î¬O³s½u«Ø¥ß¥¢±Ñ¡A¦]¬°³s½uªº¥D¾÷µLªk¦^À³¡C

During handling of the above exception, another exception occurred:

Traceback (most recent call last):
  File "C:\Users\richard\Desktop\RSM_Package\RSM_Package\pythonProject\venv\lib\site-packages\requests\adapters.py", line 449, in send
    timeout=timeout
  File "C:\Users\richard\Desktop\RSM_Package\RSM_Package\pythonProject\venv\lib\site-packages\urllib3\connectionpool.py", line 756, in urlopen
    method, url, error=e, _pool=self, _stacktrace=sys.exc_info()[2]
  File "C:\Users\richard\Desktop\RSM_Package\RSM_Package\pythonProject\venv\lib\site-packages\urllib3\util\retry.py", line 573, in increment
    raise MaxRetryError(_pool, url, error or ResponseError(cause))
urllib3.exceptions.MaxRetryError: HTTPConnectionPool(host='10.17.2.238', port=80): Max retries exceeded with url: /password/ (Caused by NewConnectionError('<urllib3.connection.HTTPConnection object at 0x00000229FD637630>: Failed to establish a new connection: [WinError 10060] ³s½u¹Á¸Õ¥¢±Ñ¡A¦]¬°³s½u¹ï¶H¦³¤@¬q®É¶¡¨Ã¥¼¥¿½T¦^À³¡A©Î¬O³s½u«Ø¥ß¥¢±Ñ¡A¦]¬°³s½uªº¥D¾÷µLªk¦^À³¡C'))

During handling of the above exception, another exception occurred:

Traceback (most recent call last):
  File "C:\Users\richard\Desktop\RSM_Package\RSM_Package\pythonProject\venv\lib\site-packages\flask\app.py", line 2447, in wsgi_app
    response = self.full_dispatch_request()
  File "C:\Users\richard\Desktop\RSM_Package\RSM_Package\pythonProject\venv\lib\site-packages\flask\app.py", line 1952, in full_dispatch_request
    rv = self.handle_user_exception(e)
  File "C:\Users\richard\Desktop\RSM_Package\RSM_Package\pythonProject\venv\lib\site-packages\flask_cors\extension.py", line 165, in wrapped_function
    return cors_after_request(app.make_response(f(*args, **kwargs)))
  File "C:\Users\richard\Desktop\RSM_Package\RSM_Package\pythonProject\venv\lib\site-packages\flask\app.py", line 1821, in handle_user_exception
    reraise(exc_type, exc_value, tb)
  File "C:\Users\richard\Desktop\RSM_Package\RSM_Package\pythonProject\venv\lib\site-packages\flask\_compat.py", line 39, in reraise
    raise value
  File "C:\Users\richard\Desktop\RSM_Package\RSM_Package\pythonProject\venv\lib\site-packages\flask\app.py", line 1950, in full_dispatch_request
    rv = self.dispatch_request()
  File "C:\Users\richard\Desktop\RSM_Package\RSM_Package\pythonProject\venv\lib\site-packages\flask\app.py", line 1936, in dispatch_request
    return self.view_functions[rule.endpoint](**req.view_args)
  File "C:\Users\richard\Desktop\RSM_Package\RSM_Package\pythonProject\venv\lib\site-packages\flask_jwt_extended\view_decorators.py", line 108, in wrapper
    return fn(*args, **kwargs)
  File "C:/Users/richard/Desktop/RSM_Package/RSM_Package/pythonProject/main.py", line 536, in A8_Password
    response = requests.get(url)
  File "C:\Users\richard\Desktop\RSM_Package\RSM_Package\pythonProject\venv\lib\site-packages\requests\api.py", line 76, in get
    return request('get', url, params=params, **kwargs)
  File "C:\Users\richard\Desktop\RSM_Package\RSM_Package\pythonProject\venv\lib\site-packages\requests\api.py", line 61, in request
    return session.request(method=method, url=url, **kwargs)
  File "C:\Users\richard\Desktop\RSM_Package\RSM_Package\pythonProject\venv\lib\site-packages\requests\sessions.py", line 542, in request
    resp = self.send(prep, **send_kwargs)
  File "C:\Users\richard\Desktop\RSM_Package\RSM_Package\pythonProject\venv\lib\site-packages\requests\sessions.py", line 655, in send
    r = adapter.send(request, **kwargs)
  File "C:\Users\richard\Desktop\RSM_Package\RSM_Package\pythonProject\venv\lib\site-packages\requests\adapters.py", line 516, in send
    raise ConnectionError(e, request=request)
requests.exceptions.ConnectionError: HTTPConnectionPool(host='10.17.2.238', port=80): Max retries exceeded with url: /password/ (Caused by NewConnectionError('<urllib3.connection.HTTPConnection object at 0x00000229FD637630>: Failed to establish a new connection: [WinError 10060] ³s½u¹Á¸Õ¥¢±Ñ¡A¦]¬°³s½u¹ï¶H¦³¤@¬q®É¶¡¨Ã¥¼¥¿½T¦^À³¡A©Î¬O³s½u«Ø¥ß¥¢±Ñ¡A¦]¬°³s½uªº¥D¾÷µLªk¦^À³¡C'))
2021-10-08 20:57:00,599 ERROR app.py:1892 Exception on /A8_Password [GET]
Traceback (most recent call last):
  File "C:\Users\richard\Desktop\RSM_Package\RSM_Package\pythonProject\venv\lib\site-packages\urllib3\connection.py", line 170, in _new_conn
    (self._dns_host, self.port), self.timeout, **extra_kw
  File "C:\Users\richard\Desktop\RSM_Package\RSM_Package\pythonProject\venv\lib\site-packages\urllib3\util\connection.py", line 96, in create_connection
    raise err
  File "C:\Users\richard\Desktop\RSM_Package\RSM_Package\pythonProject\venv\lib\site-packages\urllib3\util\connection.py", line 86, in create_connection
    sock.connect(sa)
TimeoutError: [WinError 10060] ³s½u¹Á¸Õ¥¢±Ñ¡A¦]¬°³s½u¹ï¶H¦³¤@¬q®É¶¡¨Ã¥¼¥¿½T¦^À³¡A©Î¬O³s½u«Ø¥ß¥¢±Ñ¡A¦]¬°³s½uªº¥D¾÷µLªk¦^À³¡C

During handling of the above exception, another exception occurred:

Traceback (most recent call last):
  File "C:\Users\richard\Desktop\RSM_Package\RSM_Package\pythonProject\venv\lib\site-packages\urllib3\connectionpool.py", line 706, in urlopen
    chunked=chunked,
  File "C:\Users\richard\Desktop\RSM_Package\RSM_Package\pythonProject\venv\lib\site-packages\urllib3\connectionpool.py", line 394, in _make_request
    conn.request(method, url, **httplib_request_kw)
  File "C:\Users\richard\Desktop\RSM_Package\RSM_Package\pythonProject\venv\lib\site-packages\urllib3\connection.py", line 234, in request
    super(HTTPConnection, self).request(method, url, body=body, headers=headers)
  File "C:\Users\richard\AppData\Local\Programs\Python\Python37\lib\http\client.py", line 1229, in request
    self._send_request(method, url, body, headers, encode_chunked)
  File "C:\Users\richard\AppData\Local\Programs\Python\Python37\lib\http\client.py", line 1275, in _send_request
    self.endheaders(body, encode_chunked=encode_chunked)
  File "C:\Users\richard\AppData\Local\Programs\Python\Python37\lib\http\client.py", line 1224, in endheaders
    self._send_output(message_body, encode_chunked=encode_chunked)
  File "C:\Users\richard\AppData\Local\Programs\Python\Python37\lib\http\client.py", line 1016, in _send_output
    self.send(msg)
  File "C:\Users\richard\AppData\Local\Programs\Python\Python37\lib\http\client.py", line 956, in send
    self.connect()
  File "C:\Users\richard\Desktop\RSM_Package\RSM_Package\pythonProject\venv\lib\site-packages\urllib3\connection.py", line 200, in connect
    conn = self._new_conn()
  File "C:\Users\richard\Desktop\RSM_Package\RSM_Package\pythonProject\venv\lib\site-packages\urllib3\connection.py", line 182, in _new_conn
    self, "Failed to establish a new connection: %s" % e
urllib3.exceptions.NewConnectionError: <urllib3.connection.HTTPConnection object at 0x00000229FD637630>: Failed to establish a new connection: [WinError 10060] ³s½u¹Á¸Õ¥¢±Ñ¡A¦]¬°³s½u¹ï¶H¦³¤@¬q®É¶¡¨Ã¥¼¥¿½T¦^À³¡A©Î¬O³s½u«Ø¥ß¥¢±Ñ¡A¦]¬°³s½uªº¥D¾÷µLªk¦^À³¡C

During handling of the above exception, another exception occurred:

Traceback (most recent call last):
  File "C:\Users\richard\Desktop\RSM_Package\RSM_Package\pythonProject\venv\lib\site-packages\requests\adapters.py", line 449, in send
    timeout=timeout
  File "C:\Users\richard\Desktop\RSM_Package\RSM_Package\pythonProject\venv\lib\site-packages\urllib3\connectionpool.py", line 756, in urlopen
    method, url, error=e, _pool=self, _stacktrace=sys.exc_info()[2]
  File "C:\Users\richard\Desktop\RSM_Package\RSM_Package\pythonProject\venv\lib\site-packages\urllib3\util\retry.py", line 573, in increment
    raise MaxRetryError(_pool, url, error or ResponseError(cause))
urllib3.exceptions.MaxRetryError: HTTPConnectionPool(host='10.17.2.238', port=80): Max retries exceeded with url: /password/ (Caused by NewConnectionError('<urllib3.connection.HTTPConnection object at 0x00000229FD637630>: Failed to establish a new connection: [WinError 10060] ³s½u¹Á¸Õ¥¢±Ñ¡A¦]¬°³s½u¹ï¶H¦³¤@¬q®É¶¡¨Ã¥¼¥¿½T¦^À³¡A©Î¬O³s½u«Ø¥ß¥¢±Ñ¡A¦]¬°³s½uªº¥D¾÷µLªk¦^À³¡C'))

During handling of the above exception, another exception occurred:

Traceback (most recent call last):
  File "C:\Users\richard\Desktop\RSM_Package\RSM_Package\pythonProject\venv\lib\site-packages\flask\app.py", line 2447, in wsgi_app
    response = self.full_dispatch_request()
  File "C:\Users\richard\Desktop\RSM_Package\RSM_Package\pythonProject\venv\lib\site-packages\flask\app.py", line 1952, in full_dispatch_request
    rv = self.handle_user_exception(e)
  File "C:\Users\richard\Desktop\RSM_Package\RSM_Package\pythonProject\venv\lib\site-packages\flask_cors\extension.py", line 165, in wrapped_function
    return cors_after_request(app.make_response(f(*args, **kwargs)))
  File "C:\Users\richard\Desktop\RSM_Package\RSM_Package\pythonProject\venv\lib\site-packages\flask\app.py", line 1821, in handle_user_exception
    reraise(exc_type, exc_value, tb)
  File "C:\Users\richard\Desktop\RSM_Package\RSM_Package\pythonProject\venv\lib\site-packages\flask\_compat.py", line 39, in reraise
    raise value
  File "C:\Users\richard\Desktop\RSM_Package\RSM_Package\pythonProject\venv\lib\site-packages\flask\app.py", line 1950, in full_dispatch_request
    rv = self.dispatch_request()
  File "C:\Users\richard\Desktop\RSM_Package\RSM_Package\pythonProject\venv\lib\site-packages\flask\app.py", line 1936, in dispatch_request
    return self.view_functions[rule.endpoint](**req.view_args)
  File "C:\Users\richard\Desktop\RSM_Package\RSM_Package\pythonProject\venv\lib\site-packages\flask_jwt_extended\view_decorators.py", line 108, in wrapper
    return fn(*args, **kwargs)
  File "C:/Users/richard/Desktop/RSM_Package/RSM_Package/pythonProject/main.py", line 536, in A8_Password
    response = requests.get(url)
  File "C:\Users\richard\Desktop\RSM_Package\RSM_Package\pythonProject\venv\lib\site-packages\requests\api.py", line 76, in get
    return request('get', url, params=params, **kwargs)
  File "C:\Users\richard\Desktop\RSM_Package\RSM_Package\pythonProject\venv\lib\site-packages\requests\api.py", line 61, in request
    return session.request(method=method, url=url, **kwargs)
  File "C:\Users\richard\Desktop\RSM_Package\RSM_Package\pythonProject\venv\lib\site-packages\requests\sessions.py", line 542, in request
    resp = self.send(prep, **send_kwargs)
  File "C:\Users\richard\Desktop\RSM_Package\RSM_Package\pythonProject\venv\lib\site-packages\requests\sessions.py", line 655, in send
    r = adapter.send(request, **kwargs)
  File "C:\Users\richard\Desktop\RSM_Package\RSM_Package\pythonProject\venv\lib\site-packages\requests\adapters.py", line 516, in send
    raise ConnectionError(e, request=request)
requests.exceptions.ConnectionError: HTTPConnectionPool(host='10.17.2.238', port=80): Max retries exceeded with url: /password/ (Caused by NewConnectionError('<urllib3.connection.HTTPConnection object at 0x00000229FD637630>: Failed to establish a new connection: [WinError 10060] ³s½u¹Á¸Õ¥¢±Ñ¡A¦]¬°³s½u¹ï¶H¦³¤@¬q®É¶¡¨Ã¥¼¥¿½T¦^À³¡A©Î¬O³s½u«Ø¥ß¥¢±Ñ¡A¦]¬°³s½uªº¥D¾÷µLªk¦^À³¡C'))
2021-10-08 20:57:00,620 INFO _internal.py:113 127.0.0.1 - - [08/Oct/2021 20:57:00] "[35m[1mGET /A8_Password HTTP/1.1[0m" 500 -
2021-10-08 20:57:00,620 INFO _internal.py:113 127.0.0.1 - - [08/Oct/2021 20:57:00] "[35m[1mGET /A8_Password HTTP/1.1[0m" 500 -
2021-10-08 21:42:06,936 INFO _internal.py:113  * Running on http://0.0.0.0:5000/ (Press CTRL+C to quit)
2021-10-08 21:42:06,936 INFO _internal.py:113  * Running on http://0.0.0.0:5000/ (Press CTRL+C to quit)
2021-10-08 21:42:25,920 INFO _internal.py:113  * Running on http://0.0.0.0:5000/ (Press CTRL+C to quit)
2021-10-08 21:42:25,920 INFO _internal.py:113  * Running on http://0.0.0.0:5000/ (Press CTRL+C to quit)
2021-10-08 21:42:35,454 INFO _internal.py:113 127.0.0.1 - - [08/Oct/2021 21:42:35] "[37mOPTIONS /VMP/SALE HTTP/1.1[0m" 200 -
2021-10-08 21:42:35,454 INFO _internal.py:113 127.0.0.1 - - [08/Oct/2021 21:42:35] "[37mOPTIONS /VMP/SALE HTTP/1.1[0m" 200 -
2021-10-08 21:42:35,460 DEBUG main.py:624 Host: 127.0.0.1:5000
Connection: keep-alive
Content-Length: 539
Sec-Ch-Ua: "Chromium";v="94", "Google Chrome";v="94", ";Not A Brand";v="99"
Sec-Ch-Ua-Mobile: ?0
Authorization: Bearer eyJ0eXAiOiJKV1QiLCJhbGciOiJIUzI1NiJ9.eyJpYXQiOjE2MzM2OTc3OTAsIm5iZiI6MTYzMzY5Nzc5MCwianRpIjoiNTA2OGQxZjAtZmIwZS00YWFlLThkNTItM2Y2NmQ0ZDJhMjIxIiwiZXhwIjoxNjMzNzQwOTkwLCJpZGVudGl0eSI6InJpY2hhcmQiLCJmcmVzaCI6ZmFsc2UsInR5cGUiOiJhY2Nlc3MifQ.4jYNACzvMkpZ18LYbADitpgyV_1H9C7cTSfwDGLXy6I
Content-Type: application/json;charset=UTF-8
Accept: application/json, text/plain, */*
User-Agent: Mozilla/5.0 (Windows NT 10.0; Win64; x64) AppleWebKit/537.36 (KHTML, like Gecko) Chrome/94.0.4606.81 Safari/537.36
Contenttype: application/x-www-form-urlencoded
Usermane: richard
Sec-Ch-Ua-Platform: "Windows"
Origin: http://localhost:8080
Sec-Fetch-Site: cross-site
Sec-Fetch-Mode: cors
Sec-Fetch-Dest: empty
Referer: http://localhost:8080/
Accept-Encoding: gzip, deflate, br
Accept-Language: zh-TW,zh;q=0.9,en-US;q=0.8,en;q=0.7


2021-10-08 21:42:35,460 DEBUG main.py:624 Host: 127.0.0.1:5000
Connection: keep-alive
Content-Length: 539
Sec-Ch-Ua: "Chromium";v="94", "Google Chrome";v="94", ";Not A Brand";v="99"
Sec-Ch-Ua-Mobile: ?0
Authorization: Bearer eyJ0eXAiOiJKV1QiLCJhbGciOiJIUzI1NiJ9.eyJpYXQiOjE2MzM2OTc3OTAsIm5iZiI6MTYzMzY5Nzc5MCwianRpIjoiNTA2OGQxZjAtZmIwZS00YWFlLThkNTItM2Y2NmQ0ZDJhMjIxIiwiZXhwIjoxNjMzNzQwOTkwLCJpZGVudGl0eSI6InJpY2hhcmQiLCJmcmVzaCI6ZmFsc2UsInR5cGUiOiJhY2Nlc3MifQ.4jYNACzvMkpZ18LYbADitpgyV_1H9C7cTSfwDGLXy6I
Content-Type: application/json;charset=UTF-8
Accept: application/json, text/plain, */*
User-Agent: Mozilla/5.0 (Windows NT 10.0; Win64; x64) AppleWebKit/537.36 (KHTML, like Gecko) Chrome/94.0.4606.81 Safari/537.36
Contenttype: application/x-www-form-urlencoded
Usermane: richard
Sec-Ch-Ua-Platform: "Windows"
Origin: http://localhost:8080
Sec-Fetch-Site: cross-site
Sec-Fetch-Mode: cors
Sec-Fetch-Dest: empty
Referer: http://localhost:8080/
Accept-Encoding: gzip, deflate, br
Accept-Language: zh-TW,zh;q=0.9,en-US;q=0.8,en;q=0.7


2021-10-08 21:42:35,460 DEBUG main.py:625 BODY: b'{"User_Confirm_Key":"S0002575","TransactionType":"SALE","PaymentType":"ALIPAY","amount":0.1,"wallet":"HK","SecretCode":"95a4197ef475c6b6bb2ae46131cd0410","out_trade_no":"","eft_trade_no":"","refund_no":"","service":"service.alipay.web.PreOrder","subject":"Testing","body":"Testing","fee_type":"HKD","tid":"123456","scene_type":"APPLETS","openid":"","sub_openid":"","wechatWeb":"Y","active_time":"180","URL":"http://vmp.eftpay.com.cn/VMP/Servlet/","notify_url":"","return_url":"","reuse":"N","lang":"en","APIType":"WEB","GatewayType":"EFT"}'
2021-10-08 21:42:35,460 DEBUG main.py:625 BODY: b'{"User_Confirm_Key":"S0002575","TransactionType":"SALE","PaymentType":"ALIPAY","amount":0.1,"wallet":"HK","SecretCode":"95a4197ef475c6b6bb2ae46131cd0410","out_trade_no":"","eft_trade_no":"","refund_no":"","service":"service.alipay.web.PreOrder","subject":"Testing","body":"Testing","fee_type":"HKD","tid":"123456","scene_type":"APPLETS","openid":"","sub_openid":"","wechatWeb":"Y","active_time":"180","URL":"http://vmp.eftpay.com.cn/VMP/Servlet/","notify_url":"","return_url":"","reuse":"N","lang":"en","APIType":"WEB","GatewayType":"EFT"}'
2021-10-08 21:42:39,566 DEBUG connectionpool.py:231 Starting new HTTP connection (1): vmp.eftpay.com.cn:80
2021-10-08 21:42:39,566 DEBUG connectionpool.py:231 Starting new HTTP connection (1): vmp.eftpay.com.cn:80
2021-10-08 21:42:39,668 DEBUG connectionpool.py:461 http://vmp.eftpay.com.cn:80 "POST /VMP/Servlet/JSAPIService.do HTTP/1.1" 200 None
2021-10-08 21:42:39,668 DEBUG connectionpool.py:461 http://vmp.eftpay.com.cn:80 "POST /VMP/Servlet/JSAPIService.do HTTP/1.1" 200 None
